0 info it worked if it ends with ok
1 verbose cli [ '/usr/local/bin/node',
1 verbose cli   '/usr/local/bin/npm',
1 verbose cli   'install',
1 verbose cli   '-g',
1 verbose cli   'nodesc' ]
2 info using npm@3.8.6
3 info using node@v6.0.0
4 silly loadCurrentTree Starting
5 silly install loadCurrentTree
6 silly install readGlobalPackageData
7 silly fetchPackageMetaData nodesc
8 silly fetchNamedPackageData nodesc
9 silly mapToRegistry name nodesc
10 silly mapToRegistry using default registry
11 silly mapToRegistry registry https://registry.npmjs.org/
12 silly mapToRegistry data Result {
12 silly mapToRegistry   raw: 'nodesc',
12 silly mapToRegistry   scope: null,
12 silly mapToRegistry   name: 'nodesc',
12 silly mapToRegistry   rawSpec: '',
12 silly mapToRegistry   spec: 'latest',
12 silly mapToRegistry   type: 'tag' }
13 silly mapToRegistry uri https://registry.npmjs.org/nodesc
14 verbose request uri https://registry.npmjs.org/nodesc
15 verbose request no auth needed
16 info attempt registry request try #1 at 12:16:38 PM
17 verbose request id c8fa715c78fbcc56
18 http request GET https://registry.npmjs.org/nodesc
19 http 200 https://registry.npmjs.org/nodesc
20 verbose headers { server: 'nginx/1.10.1',
20 verbose headers   'content-type': 'application/json',
20 verbose headers   'last-modified': 'Sat, 03 Dec 2016 20:59:36 GMT',
20 verbose headers   etag: 'W/"58433238-27fa"',
20 verbose headers   'content-encoding': 'gzip',
20 verbose headers   'cache-control': 'max-age=300',
20 verbose headers   'content-length': '2785',
20 verbose headers   'accept-ranges': 'bytes',
20 verbose headers   date: 'Mon, 05 Dec 2016 20:16:39 GMT',
20 verbose headers   via: '1.1 varnish',
20 verbose headers   age: '0',
20 verbose headers   connection: 'keep-alive',
20 verbose headers   'x-served-by': 'cache-sjc3140-SJC',
20 verbose headers   'x-cache': 'MISS',
20 verbose headers   'x-cache-hits': '0',
20 verbose headers   'x-timer': 'S1480968999.410962,VS0,VE137',
20 verbose headers   vary: 'Accept-Encoding' }
21 silly get cb [ 200,
21 silly get   { server: 'nginx/1.10.1',
21 silly get     'content-type': 'application/json',
21 silly get     'last-modified': 'Sat, 03 Dec 2016 20:59:36 GMT',
21 silly get     etag: 'W/"58433238-27fa"',
21 silly get     'content-encoding': 'gzip',
21 silly get     'cache-control': 'max-age=300',
21 silly get     'content-length': '2785',
21 silly get     'accept-ranges': 'bytes',
21 silly get     date: 'Mon, 05 Dec 2016 20:16:39 GMT',
21 silly get     via: '1.1 varnish',
21 silly get     age: '0',
21 silly get     connection: 'keep-alive',
21 silly get     'x-served-by': 'cache-sjc3140-SJC',
21 silly get     'x-cache': 'MISS',
21 silly get     'x-cache-hits': '0',
21 silly get     'x-timer': 'S1480968999.410962,VS0,VE137',
21 silly get     vary: 'Accept-Encoding' } ]
22 verbose get saving nodesc to /Users/kennylau/.npm/registry.npmjs.org/nodesc/.cache.json
23 verbose correctMkdir /Users/kennylau/.npm correctMkdir not in flight; initializing
24 silly install normalizeTree
25 silly loadCurrentTree Finishing
26 silly loadIdealTree Starting
27 silly install loadIdealTree
28 silly cloneCurrentTree Starting
29 silly install cloneCurrentTreeToIdealTree
30 silly cloneCurrentTree Finishing
31 silly loadShrinkwrap Starting
32 silly install loadShrinkwrap
33 silly loadShrinkwrap Finishing
34 silly loadAllDepsIntoIdealTree Starting
35 silly install loadAllDepsIntoIdealTree
36 silly resolveWithNewModule nodesc@1.0.4 checking installable status
37 silly cache add args [ 'nodesc', null ]
38 verbose cache add spec nodesc
39 silly cache add parsed spec Result {
39 silly cache add   raw: 'nodesc',
39 silly cache add   scope: null,
39 silly cache add   name: 'nodesc',
39 silly cache add   rawSpec: '',
39 silly cache add   spec: 'latest',
39 silly cache add   type: 'tag' }
40 silly addNamed nodesc@latest
41 verbose addNamed "latest" is being treated as a dist-tag for nodesc
42 info addNameTag [ 'nodesc', 'latest' ]
43 silly mapToRegistry name nodesc
44 silly mapToRegistry using default registry
45 silly mapToRegistry registry https://registry.npmjs.org/
46 silly mapToRegistry data Result {
46 silly mapToRegistry   raw: 'nodesc',
46 silly mapToRegistry   scope: null,
46 silly mapToRegistry   name: 'nodesc',
46 silly mapToRegistry   rawSpec: '',
46 silly mapToRegistry   spec: 'latest',
46 silly mapToRegistry   type: 'tag' }
47 silly mapToRegistry uri https://registry.npmjs.org/nodesc
48 verbose addNameTag registry:https://registry.npmjs.org/nodesc not in flight; fetching
49 verbose get https://registry.npmjs.org/nodesc not expired, no request
50 silly addNameTag next cb for nodesc with tag latest
51 silly addNamed nodesc@1.0.4
52 verbose addNamed "1.0.4" is a plain semver version for nodesc
53 silly mapToRegistry name nodesc
54 silly mapToRegistry using default registry
55 silly mapToRegistry registry https://registry.npmjs.org/
56 silly mapToRegistry data Result {
56 silly mapToRegistry   raw: 'nodesc',
56 silly mapToRegistry   scope: null,
56 silly mapToRegistry   name: 'nodesc',
56 silly mapToRegistry   rawSpec: '',
56 silly mapToRegistry   spec: 'latest',
56 silly mapToRegistry   type: 'tag' }
57 silly mapToRegistry uri https://registry.npmjs.org/nodesc
58 verbose addRemoteTarball https://registry.npmjs.org/nodesc/-/nodesc-1.0.4.tgz not in flight; adding
59 verbose addRemoteTarball [ 'https://registry.npmjs.org/nodesc/-/nodesc-1.0.4.tgz',
59 verbose addRemoteTarball   '44c61abf6f1a8c47fe0dba8408a3a97c6da6d9e8' ]
60 info retry fetch attempt 1 at 12:16:39 PM
61 info attempt registry request try #1 at 12:16:39 PM
62 http fetch GET https://registry.npmjs.org/nodesc/-/nodesc-1.0.4.tgz
63 http fetch 200 https://registry.npmjs.org/nodesc/-/nodesc-1.0.4.tgz
64 silly fetchAndShaCheck shasum 44c61abf6f1a8c47fe0dba8408a3a97c6da6d9e8
65 verbose addTmpTarball /var/folders/_3/xydxcqd50gs21v9xk5883_qr0000gn/T/npm-32729-83f8abfa/registry.npmjs.org/nodesc/-/nodesc-1.0.4.tgz not in flight; adding
66 verbose addTmpTarball already have metadata; skipping unpack for nodesc@1.0.4
67 verbose correctMkdir /Users/kennylau/.npm correctMkdir not in flight; initializing
68 silly cache afterAdd nodesc@1.0.4
69 verbose afterAdd /Users/kennylau/.npm/nodesc/1.0.4/package/package.json not in flight; writing
70 verbose correctMkdir /Users/kennylau/.npm correctMkdir not in flight; initializing
71 verbose afterAdd /Users/kennylau/.npm/nodesc/1.0.4/package/package.json written
72 silly loadAllDepsIntoIdealTree Finishing
73 silly idealTree:prePrune lib
73 silly idealTree:prePrune └── nodesc@1.0.4
74 silly loadIdealTree Finishing
75 silly currentTree lib
76 silly idealTree lib
76 silly idealTree └── nodesc@1.0.4
77 silly generateActionsToTake Starting
78 silly install generateActionsToTake
79 warn checkPermissions Missing write access to /usr/local/lib/node_modules
80 silly rollbackFailedOptional Starting
81 silly rollbackFailedOptional Finishing
82 silly runTopLevelLifecycles Starting
83 silly runTopLevelLifecycles Finishing
84 silly install printInstalled
85 verbose stack Error: EACCES: permission denied, access '/usr/local/lib/node_modules'
85 verbose stack     at Error (native)
86 verbose cwd /Applications/XAMPP/xamppfiles/htdocs/CodeIgniter/CI_eCommerce
87 error Darwin 16.1.0
88 error argv "/usr/local/bin/node" "/usr/local/bin/npm" "install" "-g" "nodesc"
89 error node v6.0.0
90 error npm  v3.8.6
91 error path /usr/local/lib/node_modules
92 error code EACCES
93 error errno -13
94 error syscall access
95 error Error: EACCES: permission denied, access '/usr/local/lib/node_modules'
95 error     at Error (native)
95 error  { Error: EACCES: permission denied, access '/usr/local/lib/node_modules'
95 error     at Error (native)
95 error   errno: -13,
95 error   code: 'EACCES',
95 error   syscall: 'access',
95 error   path: '/usr/local/lib/node_modules' }
96 error Please try running this command again as root/Administrator.
97 verbose exit [ -13, true ]
